com.gatling.simulation.TrelloSimulation	trellosimulation	RUN	1566826766328	 	2.0
trello APi scenario	6039951583544130280-0	USER	START	1566826766474	0
trello APi scenario	6039951583544130280-1	USER	START	1566826772492	0
trello APi scenario	6039951583544130280-2	USER	START	1566826778493	0
trello APi scenario	6039951583544130280-3	USER	START	1566826784492	0
trello APi scenario	6039951583544130280-4	USER	START	1566826790491	0
trello APi scenario	6039951583544130280-5	USER	START	1566826796492	0
trello APi scenario	6039951583544130280-6	USER	START	1566826802491	0
trello APi scenario	6039951583544130280-7	USER	START	1566826808491	0
trello APi scenario	6039951583544130280-8	USER	START	1566826814493	0
trello APi scenario	6039951583544130280-9	USER	START	1566826820491	0
trello APi scenario	6039951583544130280-1	REQUEST		Creating Board	1566826826505	1566826827545	1566826827981	1566826827981	OK	 
trello APi scenario	6039951583544130280-0	REQUEST		Creating Board	1566826825524	1566826827165	1566826827555	1566826827555	OK	 
trello APi scenario	6039951583544130280-2	REQUEST		Creating Board	1566826827505	1566826827995	1566826828613	1566826828613	OK	 
trello APi scenario	6039951583544130280-3	REQUEST		Creating Board	1566826828503	1566826828980	1566826829745	1566826829745	OK	 
trello APi scenario	6039951583544130280-4	REQUEST		Creating Board	1566826829503	1566826829984	1566826830738	1566826830738	OK	 
trello APi scenario	6039951583544130280-5	REQUEST		Creating Board	1566826830505	1566826830984	1566826831617	1566826831617	OK	 
trello APi scenario	6039951583544130280-6	REQUEST		Creating Board	1566826831501	1566826831981	1566826833194	1566826833194	OK	 
trello APi scenario	6039951583544130280-7	REQUEST		Creating Board	1566826832494	1566826832977	1566826833707	1566826833707	OK	 
trello APi scenario	6039951583544130280-8	REQUEST		Creating Board	1566826833501	1566826833979	1566826834834	1566826834834	OK	 
trello APi scenario	6039951583544130280-9	REQUEST		Creating Board	1566826834503	1566826834980	1566826835754	1566826835754	OK	 
trello APi scenario	6039951583544130280-0	REQUEST		Creating List	1566826835494	1566826835495	1566826835852	1566826835852	OK	 
trello APi scenario	6039951583544130280-1	REQUEST		Creating List	1566826836504	1566826836505	1566826836877	1566826836877	OK	 
trello APi scenario	6039951583544130280-2	REQUEST		Creating List	1566826837506	1566826837507	1566826838202	1566826838202	OK	 
trello APi scenario	6039951583544130280-3	REQUEST		Creating List	1566826838503	1566826838504	1566826838942	1566826838942	OK	 
trello APi scenario	6039951583544130280-4	REQUEST		Creating List	1566826839505	1566826839506	1566826839940	1566826839940	OK	 
trello APi scenario	6039951583544130280-5	REQUEST		Creating List	1566826840505	1566826840506	1566826840845	1566826840845	OK	 
trello APi scenario	6039951583544130280-6	REQUEST		Creating List	1566826841504	1566826841506	1566826842077	1566826842077	OK	 
trello APi scenario	6039951583544130280-7	REQUEST		Creating List	1566826842504	1566826842505	1566826842901	1566826842901	OK	 
trello APi scenario	6039951583544130280-8	REQUEST		Creating List	1566826843503	1566826843507	1566826843955	1566826843955	OK	 
trello APi scenario	6039951583544130280-9	REQUEST		Creating List	1566826844506	1566826844508	1566826844930	1566826844930	OK	 
trello APi scenario	6039951583544130280-0	REQUEST		Creating Card	1566826845494	1566826845496	1566826845967	1566826845967	OK	 
trello APi scenario	6039951583544130280-1	REQUEST		Creating Card	1566826846503	1566826846504	1566826846956	1566826846956	OK	 
trello APi scenario	6039951583544130280-2	REQUEST		Creating Card	1566826847506	1566826847508	1566826847919	1566826847919	OK	 
trello APi scenario	6039951583544130280-3	REQUEST		Creating Card	1566826848505	1566826848507	1566826848933	1566826848933	OK	 
trello APi scenario	6039951583544130280-4	REQUEST		Creating Card	1566826849503	1566826849504	1566826849929	1566826849929	OK	 
trello APi scenario	6039951583544130280-5	REQUEST		Creating Card	1566826850501	1566826850502	1566826851051	1566826851051	OK	 
trello APi scenario	6039951583544130280-6	REQUEST		Creating Card	1566826851506	1566826851507	1566826851965	1566826851965	OK	 
trello APi scenario	6039951583544130280-7	REQUEST		Creating Card	1566826852495	1566826852496	1566826853915	1566826853915	OK	 
trello APi scenario	6039951583544130280-8	REQUEST		Creating Card	1566826853505	1566826853507	1566826854401	1566826854401	OK	 
trello APi scenario	6039951583544130280-9	REQUEST		Creating Card	1566826854502	1566826854503	1566826854984	1566826854985	OK	 
trello APi scenario	6039951583544130280-0	REQUEST		Updating List	1566826855503	1566826855504	1566826855852	1566826855852	OK	 
trello APi scenario	6039951583544130280-1	REQUEST		Updating List	1566826856501	1566826856502	1566826856906	1566826856906	OK	 
trello APi scenario	6039951583544130280-2	REQUEST		Updating List	1566826857496	1566826857497	1566826857823	1566826857823	OK	 
trello APi scenario	6039951583544130280-3	REQUEST		Updating List	1566826858502	1566826858503	1566826858843	1566826858843	OK	 
trello APi scenario	6039951583544130280-4	REQUEST		Updating List	1566826859501	1566826859502	1566826860194	1566826860194	OK	 
trello APi scenario	6039951583544130280-5	REQUEST		Updating List	1566826860506	1566826860507	1566826860930	1566826860930	OK	 
trello APi scenario	6039951583544130280-6	REQUEST		Updating List	1566826861491	1566826861492	1566826861812	1566826861812	OK	 
trello APi scenario	6039951583544130280-7	REQUEST		Updating List	1566826862503	1566826862503	1566826862837	1566826862837	OK	 
trello APi scenario	6039951583544130280-8	REQUEST		Updating List	1566826863505	1566826863506	1566826863849	1566826863849	OK	 
trello APi scenario	6039951583544130280-9	REQUEST		Updating List	1566826864504	1566826864505	1566826864902	1566826864902	OK	 
trello APi scenario	6039951583544130280-0	REQUEST		Creating New Board	1566826865506	1566826865507	1566826866096	1566826866096	OK	 
trello APi scenario	6039951583544130280-1	REQUEST		Creating New Board	1566826866494	1566826866495	1566826867103	1566826867103	OK	 
trello APi scenario	6039951583544130280-2	REQUEST		Creating New Board	1566826867501	1566826867503	1566826867973	1566826867973	OK	 
trello APi scenario	6039951583544130280-3	REQUEST		Creating New Board	1566826868501	1566826868501	1566826868899	1566826868899	OK	 
trello APi scenario	6039951583544130280-4	REQUEST		Creating New Board	1566826869493	1566826869493	1566826869928	1566826869928	OK	 
trello APi scenario	6039951583544130280-5	REQUEST		Creating New Board	1566826870505	1566826870505	1566826870892	1566826870892	OK	 
trello APi scenario	6039951583544130280-6	REQUEST		Creating New Board	1566826871502	1566826871503	1566826871867	1566826871867	OK	 
trello APi scenario	6039951583544130280-7	REQUEST		Creating New Board	1566826872502	1566826872502	1566826872859	1566826872859	OK	 
trello APi scenario	6039951583544130280-8	REQUEST		Creating New Board	1566826873502	1566826873503	1566826873911	1566826873911	OK	 
trello APi scenario	6039951583544130280-9	REQUEST		Creating New Board	1566826874491	1566826874492	1566826874874	1566826874874	OK	 
trello APi scenario	6039951583544130280-0	REQUEST		Moving List to New board	1566826875502	1566826875503	1566826876674	1566826876674	OK	 
trello APi scenario	6039951583544130280-1	REQUEST		Moving List to New board	1566826876495	1566826876496	1566826877608	1566826877608	OK	 
trello APi scenario	6039951583544130280-3	REQUEST		Moving List to New board	1566826878503	1566826878504	1566826879589	1566826879589	OK	 
trello APi scenario	6039951583544130280-4	REQUEST		Moving List to New board	1566826879505	1566826879505	1566826880474	1566826880474	OK	 
trello APi scenario	6039951583544130280-5	REQUEST		Moving List to New board	1566826880504	1566826880504	1566826881379	1566826881379	OK	 
trello APi scenario	6039951583544130280-2	REQUEST		Moving List to New board	1566826877503	1566826877504	1566826882069	1566826882069	OK	 
trello APi scenario	6039951583544130280-6	REQUEST		Moving List to New board	1566826881503	1566826881505	1566826882690	1566826882690	OK	 
trello APi scenario	6039951583544130280-7	REQUEST		Moving List to New board	1566826882505	1566826882506	1566826883560	1566826883560	OK	 
trello APi scenario	6039951583544130280-8	REQUEST		Moving List to New board	1566826883501	1566826883502	1566826885123	1566826885123	OK	 
trello APi scenario	6039951583544130280-9	REQUEST		Moving List to New board	1566826884501	1566826884502	1566826885980	1566826885980	OK	 
trello APi scenario	6039951583544130280-0	REQUEST		Deleting board	1566826885506	1566826885507	1566826886021	1566826886021	OK	 
trello APi scenario	6039951583544130280-1	REQUEST		Deleting board	1566826886012	1566826886012	1566826886440	1566826886440	OK	 
trello APi scenario	6039951583544130280-3	REQUEST		Deleting board	1566826886494	1566826886495	1566826886922	1566826886922	OK	 
trello APi scenario	6039951583544130280-4	REQUEST		Deleting board	1566826887014	1566826887015	1566826887672	1566826887672	OK	 
trello APi scenario	6039951583544130280-5	REQUEST		Deleting board	1566826887502	1566826887503	1566826887991	1566826887991	OK	 
trello APi scenario	6039951583544130280-2	REQUEST		Deleting board	1566826888023	1566826888023	1566826888564	1566826888564	OK	 
trello APi scenario	6039951583544130280-6	REQUEST		Deleting board	1566826888503	1566826888504	1566826888925	1566826888926	OK	 
trello APi scenario	6039951583544130280-7	REQUEST		Deleting board	1566826889024	1566826889025	1566826889551	1566826889551	OK	 
trello APi scenario	6039951583544130280-8	REQUEST		Deleting board	1566826889512	1566826889513	1566826890172	1566826890172	OK	 
trello APi scenario	6039951583544130280-9	REQUEST		Deleting board	1566826890035	1566826890036	1566826890512	1566826890512	OK	 
trello APi scenario	6039951583544130280-0	REQUEST		Deleting New Board	1566826890506	1566826890507	1566826891064	1566826891064	OK	 
trello APi scenario	6039951583544130280-0	USER	END	1566826766474	1566826891067
trello APi scenario	6039951583544130280-1	REQUEST		Deleting New Board	1566826891022	1566826891023	1566826891422	1566826891422	OK	 
trello APi scenario	6039951583544130280-1	USER	END	1566826772492	1566826891424
trello APi scenario	6039951583544130280-3	REQUEST		Deleting New Board	1566826891507	1566826891508	1566826892128	1566826892128	OK	 
trello APi scenario	6039951583544130280-3	USER	END	1566826784492	1566826892129
trello APi scenario	6039951583544130280-4	REQUEST		Deleting New Board	1566826892014	1566826892015	1566826892484	1566826892484	OK	 
trello APi scenario	6039951583544130280-4	USER	END	1566826790491	1566826892488
trello APi scenario	6039951583544130280-5	REQUEST		Deleting New Board	1566826892492	1566826892493	1566826892967	1566826892967	OK	 
trello APi scenario	6039951583544130280-5	USER	END	1566826796492	1566826892969
trello APi scenario	6039951583544130280-2	REQUEST		Deleting New Board	1566826893011	1566826893012	1566826893469	1566826893469	OK	 
trello APi scenario	6039951583544130280-2	USER	END	1566826778493	1566826893471
trello APi scenario	6039951583544130280-6	REQUEST		Deleting New Board	1566826893506	1566826893506	1566826893959	1566826893959	OK	 
trello APi scenario	6039951583544130280-6	USER	END	1566826802491	1566826893963
trello APi scenario	6039951583544130280-7	REQUEST		Deleting New Board	1566826894025	1566826894026	1566826894496	1566826894496	OK	 
trello APi scenario	6039951583544130280-7	USER	END	1566826808491	1566826894497
trello APi scenario	6039951583544130280-8	REQUEST		Deleting New Board	1566826894503	1566826894505	1566826895125	1566826895125	OK	 
trello APi scenario	6039951583544130280-8	USER	END	1566826814493	1566826895127
trello APi scenario	6039951583544130280-9	REQUEST		Deleting New Board	1566826895026	1566826895027	1566826895481	1566826895481	OK	 
trello APi scenario	6039951583544130280-9	USER	END	1566826820491	1566826895484
